<red>你长吁一口气，站起身来，停止闭关修炼。</red>
你没有加入队伍。
你没有加入队伍。
扬州城-广场
扬州城-北大街
扬州城-有间客栈
店小二笑咪咪地说道：这位婆婆，要住店吗？请进请进。
店小二一哈腰附在你耳边讲：这位客官，我最近听不少人说是在神龙教见到过烛九阴。
你给了店小二<hiy>二两黄金</hiy>。
华山论剑-论剑台下(副本区域)
华山论剑-论剑台(副本区域)
黄药师说道：先过我这关再说！
<hir>看起来黄药师想杀死你！</hir>

<red>••••••你的<ord>★★★★★★辟水刀</ord>闪烁着妖异魔光，摄人心魂••••••</red>
<him>只见你施展凌波微步，神光离合，乍阴乍阳，动无常则，进止难期。</him>
你正在战斗，待会再说。
<hio>经纬乾坤，阴阳天定，你大喝一声，一轮太极随即浮现地面，黄药师如踏入泥沼般动弹不得。</hio>
<red>••••••你的<ord>★★★★★★辟水刀</ord>闪烁着妖异魔光，摄人心魂••••••</red>
一灯大师双手合十：阿弥陀佛！
<hir>看起来一灯大师想杀死你！</hir>

你从黄药师的尸体里拿出来二十一两<hiw>银子</hiw>。
<hir>你手中的<ord>★★★★★★辟水刀</ord>轰鸣，全身散发出诡异的魔气，双眼逐渐变的赤红。</hir>
<hib>你将自身所有的力量发挥到极限一刀斩出，青青的刀光化为一钩新月，无坚不摧。</hib>
<red>••••••你的<ord>★★★★★★辟水刀</ord>闪烁着妖异魔光，摄人心魂••••••</red>
欧阳锋桀桀笑道：找死！
<hir>看起来欧阳锋想杀死你！</hir>

你从一灯大师的尸体里拿出来十两<hiw>银子</hiw>。
你从一灯大师的尸体里拿出来一份<HIZ>一阳指残页</HIZ>。
<hiy>你闭目凝神，心如点转，双手抱环划破虚空，周身灵气如指引般汇聚在你周身，一阴一阳仿若真灵护体。</hiy>
<mag>你凌波轻踏，神入太虚，其后虚影显现，飘然递出一式【灵蛇出洞】</mag>

<hiy>你一声冷笑，手中的<ord>★★★★★★辟水刀</ord>忽然变得如同活物一般，时上时下，忽左忽右，不知攻向欧阳锋何处！</hiy>

<red>••••••你的<ord>★★★★★★辟水刀</ord>闪烁着妖异魔光，摄人心魂••••••</red>
洪七公哈哈笑道：就让我老乞丐来会会你！
<hir>看起来洪七公想杀死你！</hir>

你从欧阳锋的尸体里拿出来十一两<hiw>银子</hiw>。
<hio>你持剑而行，身形忽隐忽现，手中<ord>★★★★★★辟水刀</ord>龙吟不定，当真是飒沓如流星。
<hio>
<red>••••••你的<ord>★★★★★★辟水刀</ord>闪烁着妖异魔光，摄人心魂••••••</red>
王重阳说道：婆婆果然高明！
<hir>看起来王重阳想杀死你！</hir>

你从洪七公的尸体里拿出来三十枚<yel>铜板</yel>。
<red>••••••你的<ord>★★★★★★辟水刀</ord>闪烁着妖异魔光，摄人心魂••••••</red>
<hic>恭喜你战胜了五绝！</hic>
你从王重阳的尸体里拿出来十四两<hiw>银子</hiw>。
华山论剑-北峰(副本区域)
华山论剑-论剑台(副本区域)
你在绝壁前深深地吸了口气，猛地跃了起来。
只见你足尖在绝壁半空一点,再飞身跃起，已悠然飘落绝顶。
华山论剑-华山绝顶(副本区域)
华山论剑-论剑台(副本区域)
华山论剑-南峰(副本区域)
华山论剑-论剑台(副本区域)
华山论剑-西峰(副本区域)
华山论剑-论剑台(副本区域)
华山论剑-东峰(副本区域)
扬州城-有间客栈
店小二用脖子上的毛巾抹了抹手，说道：这位婆婆，请进请进。小店还有几间上好的房间。
<hig>你获得了4000点经验，4000点潜能。</hig>
