<red>你长吁一口气，站起身来，停止闭关修炼。</red>
扬州城-广场
扬州城-北大街
扬州城-有间客栈
店小二笑咪咪地说道：这位师太，要住店吗？请进请进。
店小二一哈腰附在你耳边讲：这位客官，我最近听不少人说是在流氓巷见到过烛九阴。
你给了店小二<hiy>二两黄金</hiy>。
流氓巷-小巷子(副本区域)
小流氓吊儿郎当的拦住你。

你对著小流氓喝道：「小王八蛋！今日不是你死就是我活！」

<hir>看起来小流氓想杀死你！</hir>

<hir>看起来小流氓想杀死你！</hir>

<red>••••••你的<ord>★★★★★★带帮刀</ord>闪烁着妖异魔光，摄人心魂••••••</red>
你从小流氓的尸体里拿出来十四枚<yel>铜板</yel>。
你从小流氓的尸体里拿出来一件<wht>布衣</wht>。
你要攻击谁？
<hio>经纬乾坤，阴阳天定，你大喝一声，一轮太极随即浮现地面，小流氓如踏入泥沼般动弹不得。</hio>
你从小流氓的尸体里拿出来十九枚<yel>铜板</yel>。
你从小流氓的尸体里拿出来一件<wht>英雄巾</wht>。
你丢掉一件<wht>布衣</wht>。
你丢掉一件<wht>英雄巾</wht>。
流氓巷-小巷子(副本区域)
流氓轻佻的朝你吹了个口哨，嬉皮笑脸的说道：妹妹要到哪里去？

你对著流氓喝道：「小王八蛋！今日不是你死就是我活！」

<hir>看起来流氓想杀死你！</hir>

<hir>看起来流氓想杀死你！</hir>

加油，加油！！
<hio>经纬乾坤，阴阳天定，你大喝一声，一轮太极随即浮现地面，流氓如踏入泥沼般动弹不得。</hio>
你从流氓的尸体里拿出来一百四十八枚<yel>铜板</yel>。
你从流氓的尸体里拿出来二百三十九枚<yel>铜板</yel>。
你从流氓的尸体里拿出来一件<wht>布衣</wht>。
你丢掉一件<wht>布衣</wht>。
流氓巷-破茅屋(副本区域)
流氓巷-小巷子(副本区域)
流氓巷-巷子深处(副本区域)
流氓轻佻的朝你吹了个口哨，嬉皮笑脸的说道：妹妹要到哪里去？

你对著流氓喝道：「小王八蛋！今日不是你死就是我活！」

<hir>看起来流氓想杀死你！</hir>

<hir>看起来流氓想杀死你！</hir>

加油，加油！！
<red>••••••你的<ord>★★★★★★带帮刀</ord>闪烁着妖异魔光，摄人心魂••••••</red>
你从流氓的尸体里拿出来三十三枚<yel>铜板</yel>。
你从流氓的尸体里拿出来一把<wht>铁剑</wht>。
<hio>经纬乾坤，阴阳天定，你大喝一声，一轮太极随即浮现地面，流氓如踏入泥沼般动弹不得。</hio>
你从流氓的尸体里拿出来一百五十八枚<yel>铜板</yel>。
你从流氓的尸体里拿出来一根<wht>木棍</wht>。
你丢掉一把<wht>铁剑</wht>。
你丢掉一根<wht>木棍</wht>。
流氓巷-头目房间(副本区域)

你对著<hio>烛九阴</hio>喝道：「畜生！今日不是你死就是我活！」

<hir>看起来<hio>烛九阴</hio>想杀死你！</hir>

<red>••••••你的<ord>★★★★★★带帮刀</ord>闪烁着妖异魔光，摄人心魂••••••</red>
<hio>经纬乾坤，阴阳天定，你大喝一声，一轮太极随即浮现地面，<hio>烛九阴</hio>如踏入泥沼般动弹不得。</hio>
<hiy>你闭目不言默运枯木神功，肉眼可见的波动从你身上散发出来，强大的生机瞬间爆发，恍若新生！</hiy>

你恢复了6764251气血。
<red>••••••你的<ord>★★★★★★带帮刀</ord>闪烁着妖异魔光，摄人心魂••••••</red>
<hir>你手中的<ord>★★★★★★带帮刀</ord>轰鸣，全身散发出诡异的魔气，双眼逐渐变的赤红。</hir>
<hib>你将自身所有的力量发挥到极限一刀斩出，青青的刀光化为一钩新月，无坚不摧。</hib>
<red>••••••你的<ord>★★★★★★带帮刀</ord>闪烁着妖异魔光，摄人心魂••••••</red>
<red>••••••你的<ord>★★★★★★带帮刀</ord>闪烁着妖异魔光，摄人心魂••••••</red>
<hiw>你晋入至静至极的无上道境，仿佛超然于世间一切事物之上，似动似静，不可测度。
</hiw>
<hiy>你张开双手，手指连弹，霎时间空气炙热，几欲沸腾，六道剑气分自六脉，迅速射向四周。<hiy>
<red>••••••你的<ord>★★★★★★带帮刀</ord>闪烁着妖异魔光，摄人心魂••••••</red>
<red>••••••你的<ord>★★★★★★带帮刀</ord>闪烁着妖异魔光，摄人心魂••••••</red>
<red>••••••你的<ord>★★★★★★带帮刀</ord>闪烁着妖异魔光，摄人心魂••••••</red>
<hio>经纬乾坤，阴阳天定，你大喝一声，一轮太极随即浮现地面，<hio>烛九阴</hio>如踏入泥沼般动弹不得。</hio>
<hiy>你闭目不言默运枯木神功，肉眼可见的波动从你身上散发出来，强大的生机瞬间爆发，恍若新生！</hiy>

你恢复了8541480气血。
<red>••••••你的<ord>★★★★★★带帮刀</ord>闪烁着妖异魔光，摄人心魂••••••</red>
<hir>你手中的<ord>★★★★★★带帮刀</ord>轰鸣，全身散发出诡异的魔气，双眼逐渐变的赤红。</hir>
<hib>你将自身所有的力量发挥到极限一刀斩出，青青的刀光化为一钩新月，无坚不摧。</hib>
<red>••••••你的<ord>★★★★★★带帮刀</ord>闪烁着妖异魔光，摄人心魂••••••</red>
<red>••••••你的<ord>★★★★★★带帮刀</ord>闪烁着妖异魔光，摄人心魂••••••</red>
<hiy>你张开双手，手指连弹，霎时间空气炙热，几欲沸腾，六道剑气分自六脉，迅速射向四周。<hiy>
<red>••••••你的<ord>★★★★★★带帮刀</ord>闪烁着妖异魔光，摄人心魂••••••</red>
<red>••••••你的<ord>★★★★★★带帮刀</ord>闪烁着妖异魔光，摄人心魂••••••</red>
<hio>经纬乾坤，阴阳天定，你大喝一声，一轮太极随即浮现地面，<hio>烛九阴</hio>如踏入泥沼般动弹不得。</hio>
<red>••••••你的<ord>★★★★★★带帮刀</ord>闪烁着妖异魔光，摄人心魂••••••</red>
<hiy>你闭目不言默运枯木神功，肉眼可见的波动从你身上散发出来，强大的生机瞬间爆发，恍若新生！</hiy>

<hir>你手中的<ord>★★★★★★带帮刀</ord>轰鸣，全身散发出诡异的魔气，双眼逐渐变的赤红。</hir>
<hib>你将自身所有的力量发挥到极限一刀斩出，青青的刀光化为一钩新月，无坚不摧。</hib>
<red>••••••你的<ord>★★★★★★带帮刀</ord>闪烁着妖异魔光，摄人心魂••••••</red>
<red>••••••你的<ord>★★★★★★带帮刀</ord>闪烁着妖异魔光，摄人心魂••••••</red>
<hiy>你张开双手，手指连弹，霎时间空气炙热，几欲沸腾，六道剑气分自六脉，迅速射向四周。<hiy>
<red>••••••你的<ord>★★★★★★带帮刀</ord>闪烁着妖异魔光，摄人心魂••••••</red>
<red>••••••你的<ord>★★★★★★带帮刀</ord>闪烁着妖异魔光，摄人心魂••••••</red>
<hio>经纬乾坤，阴阳天定，你大喝一声，一轮太极随即浮现地面，<hio>烛九阴</hio>如踏入泥沼般动弹不得。</hio>
<red>••••••你的<ord>★★★★★★带帮刀</ord>闪烁着妖异魔光，摄人心魂••••••</red>
<hiy>你闭目不言默运枯木神功，肉眼可见的波动从你身上散发出来，强大的生机瞬间爆发，恍若新生！</hiy>

<hir>你手中的<ord>★★★★★★带帮刀</ord>轰鸣，全身散发出诡异的魔气，双眼逐渐变的赤红。</hir>
<red>••••••你的<ord>★★★★★★带帮刀</ord>闪烁着妖异魔光，摄人心魂••••••</red>
<hib>你将自身所有的力量发挥到极限一刀斩出，青青的刀光化为一钩新月，无坚不摧。</hib>
<red>••••••你的<ord>★★★★★★带帮刀</ord>闪烁着妖异魔光，摄人心魂••••••</red>
<hiw>你晋入至静至极的无上道境，仿佛超然于世间一切事物之上，似动似静，不可测度。
</hiw>
<red>••••••你的<ord>★★★★★★带帮刀</ord>闪烁着妖异魔光，摄人心魂••••••</red>
<hiy>你张开双手，手指连弹，霎时间空气炙热，几欲沸腾，六道剑气分自六脉，迅速射向四周。<hiy>
<red>••••••你的<ord>★★★★★★带帮刀</ord>闪烁着妖异魔光，摄人心魂••••••</red>
<hio>经纬乾坤，阴阳天定，你大喝一声，一轮太极随即浮现地面，<hio>烛九阴</hio>如踏入泥沼般动弹不得。</hio>
<red>••••••你的<ord>★★★★★★带帮刀</ord>闪烁着妖异魔光，摄人心魂••••••</red>
<red>••••••你的<ord>★★★★★★带帮刀</ord>闪烁着妖异魔光，摄人心魂••••••</red>
<hiy>你闭目不言默运枯木神功，肉眼可见的波动从你身上散发出来，强大的生机瞬间爆发，恍若新生！</hiy>

<hir>你手中的<ord>★★★★★★带帮刀</ord>轰鸣，全身散发出诡异的魔气，双眼逐渐变的赤红。</hir>
<red>••••••你的<ord>★★★★★★带帮刀</ord>闪烁着妖异魔光，摄人心魂••••••</red>
<hib>你将自身所有的力量发挥到极限一刀斩出，青青的刀光化为一钩新月，无坚不摧。</hib>
<red>••••••你的<ord>★★★★★★带帮刀</ord>闪烁着妖异魔光，摄人心魂••••••</red>
<red>••••••你的<ord>★★★★★★带帮刀</ord>闪烁着妖异魔光，摄人心魂••••••</red>
<hio>经纬乾坤，阴阳天定，你大喝一声，一轮太极随即浮现地面，<hio>烛九阴</hio>如踏入泥沼般动弹不得。</hio>
<hiy>你张开双手，手指连弹，霎时间空气炙热，几欲沸腾，六道剑气分自六脉，迅速射向四周。<hiy>
<red>••••••你的<ord>★★★★★★带帮刀</ord>闪烁着妖异魔光，摄人心魂••••••</red>
<red>••••••你的<ord>★★★★★★带帮刀</ord>闪烁着妖异魔光，摄人心魂••••••</red>
<hiy>你闭目不言默运枯木神功，肉眼可见的波动从你身上散发出来，强大的生机瞬间爆发，恍若新生！</hiy>

<red>••••••你的<ord>★★★★★★带帮刀</ord>闪烁着妖异魔光，摄人心魂••••••</red>
<hir>你手中的<ord>★★★★★★带帮刀</ord>轰鸣，全身散发出诡异的魔气，双眼逐渐变的赤红。</hir>
<hib>你将自身所有的力量发挥到极限一刀斩出，青青的刀光化为一钩新月，无坚不摧。</hib>
<red>••••••你的<ord>★★★★★★带帮刀</ord>闪烁着妖异魔光，摄人心魂••••••</red>
<red>••••••你的<ord>★★★★★★带帮刀</ord>闪烁着妖异魔光，摄人心魂••••••</red>
<hio>经纬乾坤，阴阳天定，你大喝一声，一轮太极随即浮现地面，<hio>烛九阴</hio>如踏入泥沼般动弹不得。</hio>
<hiy>你张开双手，手指连弹，霎时间空气炙热，几欲沸腾，六道剑气分自六脉，迅速射向四周。<hiy>
<red>••••••你的<ord>★★★★★★带帮刀</ord>闪烁着妖异魔光，摄人心魂••••••</red>
<red>••••••你的<ord>★★★★★★带帮刀</ord>闪烁着妖异魔光，摄人心魂••••••</red>
<hiy>你闭目不言默运枯木神功，肉眼可见的波动从你身上散发出来，强大的生机瞬间爆发，恍若新生！</hiy>

<red>••••••你的<ord>★★★★★★带帮刀</ord>闪烁着妖异魔光，摄人心魂••••••</red>
<hir>你手中的<ord>★★★★★★带帮刀</ord>轰鸣，全身散发出诡异的魔气，双眼逐渐变的赤红。</hir>
<hib>你将自身所有的力量发挥到极限一刀斩出，青青的刀光化为一钩新月，无坚不摧。</hib>
<red>••••••你的<ord>★★★★★★带帮刀</ord>闪烁着妖异魔光，摄人心魂••••••</red>
<red>••••••你的<ord>★★★★★★带帮刀</ord>闪烁着妖异魔光，摄人心魂••••••</red>
<hiw>你晋入至静至极的无上道境，仿佛超然于世间一切事物之上，似动似静，不可测度。
</hiw>
<hio>经纬乾坤，阴阳天定，你大喝一声，一轮太极随即浮现地面，<hio>烛九阴</hio>如踏入泥沼般动弹不得。</hio>
<red>••••••你的<ord>★★★★★★带帮刀</ord>闪烁着妖异魔光，摄人心魂••••••</red>
你从<hio>烛九阴</hio>的尸体里拿出来一百八十四两<hiy>黄金</hiy>。
你从<hio>烛九阴</hio>的尸体里拿出来一份<ord>阴阳九转残页</ord>。
你从<hio>烛九阴</hio>的尸体里拿出来一块<HIZ>碎裂的贪狼</HIZ>。
你从<hio>烛九阴</hio>的尸体里拿出来一包<hiy>鱼饵</hiy>。
【无形剑气】只能在战斗中使用。
扬州城-有间客栈
店小二笑咪咪地说道：这位师太，要住店吗？请进请进。
完成度未满100%，未能解锁下个副本。
<hig>你获得了600点经验，600点潜能。</hig>
