2024-11-10 14:24:14 [[32msuccess[39m] 「咩阿栗」登录成功
2024-11-10 14:24:14 [[32msuccess[39m] 「鹊巢鸠居」登录成功
2024-11-10 14:24:14 [[32msuccess[39m] 「流水折江心」登录成功
2024-11-10 14:24:14 [[32msuccess[39m] 「虞寄数辞官」登录成功
2024-11-10 14:24:14 [[32msuccess[39m] 「山吟泽唱」登录成功
2024-11-10 14:24:14 [[32msuccess[39m] 「辰洛」登录成功
2024-11-10 14:24:14 [[32msuccess[39m] 「随风三六」登录成功
2024-11-10 14:24:14 [[32msuccess[39m] 「苇名屑一郎」登录成功
2024-11-10 14:24:14 [[32msuccess[39m] 「郭靖」登录成功
2024-11-10 14:24:14 [[32msuccess[39m] 「黔首遂难裁」登录成功
2024-11-10 14:24:14 [[32msuccess[39m] 「玉楼巢翡翠」登录成功
2024-11-10 14:24:14 [[32msuccess[39m] 「烟水寒」登录成功
2024-11-10 14:24:14 [[32msuccess[39m] 「石竹绣罗衣」登录成功
2024-11-10 14:24:14 [[32msuccess[39m] 「达观知命」登录成功
2024-11-10 14:24:14 [[32msuccess[39m] 「醉无秋」登录成功
2024-11-10 14:24:14 [[32msuccess[39m] 「華無闕」登录成功
2024-11-10 14:24:14 [[32msuccess[39m] 「寸阴是惜」登录成功
2024-11-10 14:24:14 [[32msuccess[39m] 「爱吃小白白」登录成功
2024-11-10 14:24:14 [[32msuccess[39m] 「觅使嵩云暮」登录成功
2024-11-10 14:24:14 [[32msuccess[39m] 「红妆」登录成功
2024-11-10 14:24:14 [[32msuccess[39m] 「梅狸猫」登录成功
2024-11-10 14:24:14 [[32msuccess[39m] 「黑白大帝」登录成功
2024-11-10 14:24:14 [[32msuccess[39m] 「风急响疑雷」登录成功
2024-11-10 14:24:14 [[32msuccess[39m] 「大庭广众」登录成功
2024-11-10 14:24:14 [[32msuccess[39m] 「寒月摇清波」登录成功
2024-11-10 14:24:14 [[32msuccess[39m] 「秋翎」登录成功
2024-11-10 14:24:14 [[32msuccess[39m] 「不自识疏鄙」登录成功
2024-11-10 14:24:14 [[32msuccess[39m] 「唯留一湖水」登录成功
2024-11-10 14:24:14 [[32msuccess[39m] 「辰青璇」登录成功
2024-11-10 14:24:14 [[32msuccess[39m] 「万里无疆」登录成功
