2024-11-12 15:56:32 [[32msuccess[39m] 「咩阿栗」登录成功
2024-11-12 15:56:32 [[32msuccess[39m] 「苇名屑一郎」登录成功
2024-11-12 15:56:32 [[32msuccess[39m] 「达观知命」登录成功
2024-11-12 15:56:32 [[32msuccess[39m] 「烟水寒」登录成功
2024-11-12 15:56:32 [[32msuccess[39m] 「山吟泽唱」登录成功
2024-11-12 15:56:32 [[32msuccess[39m] 「寸阴是惜」登录成功
2024-11-12 15:56:32 [[32msuccess[39m] 「鹊巢鸠居」登录成功
2024-11-12 15:56:32 [[32msuccess[39m] 「玉楼巢翡翠」登录成功
2024-11-12 15:56:32 [[32msuccess[39m] 「随风三六」登录成功
2024-11-12 15:56:32 [[32msuccess[39m] 「红妆」登录成功
2024-11-12 15:56:32 [[32msuccess[39m] 「不自识疏鄙」登录成功
2024-11-12 15:56:32 [[32msuccess[39m] 「大庭广众」登录成功
2024-11-12 15:56:32 [[32msuccess[39m] 「流水折江心」登录成功
2024-11-12 15:56:32 [[32msuccess[39m] 「爱吃小白白」登录成功
2024-11-12 15:56:32 [[32msuccess[39m] 「觅使嵩云暮」登录成功
2024-11-12 15:56:32 [[32msuccess[39m] 「寒月摇清波」登录成功
2024-11-12 15:56:32 [[32msuccess[39m] 「華無闕」登录成功
2024-11-12 15:56:32 [[32msuccess[39m] 「黔首遂难裁」登录成功
2024-11-12 15:56:32 [[32msuccess[39m] 「辰洛」登录成功
2024-11-12 15:56:32 [[32msuccess[39m] 「辰青璇」登录成功
2024-11-12 15:56:32 [[32msuccess[39m] 「黑白大帝」登录成功
2024-11-12 15:56:32 [[32msuccess[39m] 「唯留一湖水」登录成功
2024-11-12 15:56:32 [[32msuccess[39m] 「梅狸猫」登录成功
2024-11-12 15:56:32 [[32msuccess[39m] 「醉无秋」登录成功
2024-11-12 15:56:32 [[32msuccess[39m] 「万里无疆」登录成功
2024-11-12 15:56:32 [[32msuccess[39m] 「风急响疑雷」登录成功
2024-11-12 15:56:32 [[32msuccess[39m] 「秋翎」登录成功
2024-11-12 15:56:32 [[32msuccess[39m] 「虞寄数辞官」登录成功
2024-11-12 15:56:32 [[32msuccess[39m] 「郭靖」登录成功
2024-11-12 15:56:32 [[32msuccess[39m] 「石竹绣罗衣」登录成功
2024-11-12 15:57:38 [[34minfo[39m] 红妆,元宝不足或随从背包不足
2024-11-12 16:06:57 [[32msuccess[39m] 「流水折江心」登录成功
2024-11-12 16:06:57 [[32msuccess[39m] 「咩阿栗」登录成功
2024-11-12 16:06:57 [[32msuccess[39m] 「醉无秋」登录成功
2024-11-12 16:06:57 [[32msuccess[39m] 「苇名屑一郎」登录成功
2024-11-12 16:06:57 [[32msuccess[39m] 「达观知命」登录成功
2024-11-12 16:06:57 [[32msuccess[39m] 「梅狸猫」登录成功
2024-11-12 16:06:57 [[32msuccess[39m] 「鹊巢鸠居」登录成功
2024-11-12 16:06:57 [[32msuccess[39m] 「大庭广众」登录成功
2024-11-12 16:06:57 [[32msuccess[39m] 「華無闕」登录成功
2024-11-12 16:06:57 [[32msuccess[39m] 「万里无疆」登录成功
2024-11-12 16:06:57 [[32msuccess[39m] 「不自识疏鄙」登录成功
2024-11-12 16:06:57 [[32msuccess[39m] 「随风三六」登录成功
2024-11-12 16:06:57 [[32msuccess[39m] 「觅使嵩云暮」登录成功
2024-11-12 16:06:57 [[32msuccess[39m] 「山吟泽唱」登录成功
2024-11-12 16:06:57 [[32msuccess[39m] 「寒月摇清波」登录成功
2024-11-12 16:06:57 [[32msuccess[39m] 「红妆」登录成功
2024-11-12 16:06:57 [[32msuccess[39m] 「爱吃小白白」登录成功
2024-11-12 16:06:57 [[32msuccess[39m] 「郭靖」登录成功
2024-11-12 16:06:57 [[32msuccess[39m] 「烟水寒」登录成功
2024-11-12 16:06:57 [[32msuccess[39m] 「唯留一湖水」登录成功
2024-11-12 16:06:57 [[32msuccess[39m] 「石竹绣罗衣」登录成功
2024-11-12 16:06:57 [[32msuccess[39m] 「黔首遂难裁」登录成功
2024-11-12 16:06:57 [[32msuccess[39m] 「寸阴是惜」登录成功
2024-11-12 16:06:57 [[32msuccess[39m] 「风急响疑雷」登录成功
2024-11-12 16:06:57 [[32msuccess[39m] 「玉楼巢翡翠」登录成功
2024-11-12 16:06:57 [[32msuccess[39m] 「辰洛」登录成功
2024-11-12 16:06:57 [[32msuccess[39m] 「虞寄数辞官」登录成功
2024-11-12 16:06:57 [[32msuccess[39m] 「黑白大帝」登录成功
2024-11-12 16:06:57 [[32msuccess[39m] 「辰青璇」登录成功
2024-11-12 16:06:57 [[32msuccess[39m] 「秋翎」登录成功
2024-11-12 16:07:24 [[34minfo[39m] 红妆,元宝不足或随从背包不足
2024-11-12 16:08:03 [[34minfo[39m] 華無闕,元宝不足或随从背包不足
2024-11-12 16:09:05 [[33mwarning[39m] 整理物品时遇到未录入物品：高级叛师符
2024-11-12 16:09:18 [[33mwarning[39m] 整理物品时遇到未录入物品：装备兑换券
2024-11-12 16:09:19 [[33mwarning[39m] 整理物品时遇到未录入物品：苇名十字斩秘籍
2024-11-12 16:09:20 [[33mwarning[39m] 整理物品时遇到未录入物品：大牛至秘籍
2024-11-12 16:09:29 [[34minfo[39m] 梅狸猫,元宝不足或随从背包不足
2024-11-12 16:09:51 [[33mwarning[39m] 整理物品时遇到未录入物品：蕴象丸
2024-11-12 16:10:03 [[34minfo[39m] 辰洛,元宝不足或随从背包不足
2024-11-12 16:10:18 [[33mwarning[39m] 整理物品时遇到未录入物品：召唤令
2024-11-12 16:11:13 [[33mwarning[39m] 整理物品时遇到未录入物品：召唤令
2024-11-12 16:11:18 [[33mwarning[39m] 整理物品时遇到未录入物品：白白秘籍
2024-11-12 16:11:34 [[33mwarning[39m] 整理物品时遇到未录入物品：契约
2024-11-12 16:11:43 [[33mwarning[39m] 整理物品时遇到未录入物品：高级叛师符
2024-11-12 16:11:59 [[33mwarning[39m] 整理物品时遇到未录入物品：烟雨秘籍
2024-11-12 16:13:06 [[33mwarning[39m] 整理物品时遇到未录入物品：砍柴刀
2024-11-12 16:13:09 [[33mwarning[39m] 整理物品时遇到未录入物品：契约
2024-11-12 16:14:50 [[33mwarning[39m] 整理物品时遇到未录入物品：四象吊坠
2024-11-12 16:15:40 [[33mwarning[39m] 整理物品时遇到未录入物品：喜宴
2024-11-12 16:15:41 [[33mwarning[39m] 整理物品时遇到未录入物品：喜宴
2024-11-12 16:15:42 [[33mwarning[39m] 整理物品时遇到未录入物品：喜宴
2024-11-12 16:15:43 [[33mwarning[39m] 整理物品时遇到未录入物品：喜宴
2024-11-12 16:15:44 [[33mwarning[39m] 整理物品时遇到未录入物品：喜宴
2024-11-12 16:15:46 [[33mwarning[39m] 整理物品时遇到未录入物品：喜宴
2024-11-12 16:15:47 [[33mwarning[39m] 整理物品时遇到未录入物品：喜宴
2024-11-12 16:15:48 [[33mwarning[39m] 整理物品时遇到未录入物品：喜宴
2024-11-12 16:15:49 [[33mwarning[39m] 整理物品时遇到未录入物品：喜宴
2024-11-12 16:16:27 [[33mwarning[39m] 整理物品时遇到未录入物品：聚元珠
2024-11-12 16:16:37 [[33mwarning[39m] 整理物品时遇到未录入物品：喜宴
2024-11-12 16:16:38 [[33mwarning[39m] 整理物品时遇到未录入物品：喜宴
2024-11-12 16:16:39 [[33mwarning[39m] 整理物品时遇到未录入物品：喜宴
2024-11-12 16:17:38 [[33mwarning[39m] 整理物品时遇到未录入物品：高级叛师符
2024-11-12 16:18:11 [[33mwarning[39m] 整理物品时遇到未录入物品：喜宴
2024-11-12 16:18:25 [[33mwarning[39m] 整理物品时遇到未录入物品：喜宴
2024-11-12 16:18:27 [[34minfo[39m] 醉无秋,元宝不足或随从背包不足
2024-11-12 16:18:30 [[33mwarning[39m] 整理物品时遇到未录入物品：喜宴
2024-11-12 16:18:31 [[34minfo[39m] 秋翎,元宝不足或随从背包不足
2024-11-12 16:19:06 [[34minfo[39m] 黑白大帝,元宝不足或随从背包不足
2024-11-12 16:19:58 [[32msuccess[39m] 「辰青璇」退出登录
2024-11-12 16:22:47 [[32msuccess[39m] 「爱吃小白白」退出登录
2024-11-12 16:31:44 [[32msuccess[39m] 「咩阿栗」登录成功
2024-11-12 16:31:44 [[32msuccess[39m] 「鹊巢鸠居」登录成功
2024-11-12 16:31:44 [[32msuccess[39m] 「万里无疆」登录成功
2024-11-12 16:31:44 [[32msuccess[39m] 「山吟泽唱」登录成功
2024-11-12 16:31:44 [[32msuccess[39m] 「秋翎」登录成功
2024-11-12 16:31:44 [[32msuccess[39m] 「达观知命」登录成功
2024-11-12 16:31:44 [[32msuccess[39m] 「苇名屑一郎」登录成功
2024-11-12 16:31:44 [[32msuccess[39m] 「梅狸猫」登录成功
2024-11-12 16:31:44 [[32msuccess[39m] 「虞寄数辞官」登录成功
2024-11-12 16:31:44 [[32msuccess[39m] 「寸阴是惜」登录成功
2024-11-12 16:31:44 [[32msuccess[39m] 「红妆」登录成功
2024-11-12 16:31:44 [[32msuccess[39m] 「流水折江心」登录成功
2024-11-12 16:31:44 [[32msuccess[39m] 「烟水寒」登录成功
2024-11-12 16:31:44 [[32msuccess[39m] 「醉无秋」登录成功
2024-11-12 16:31:44 [[32msuccess[39m] 「大庭广众」登录成功
2024-11-12 16:31:44 [[32msuccess[39m] 「玉楼巢翡翠」登录成功
2024-11-12 16:31:44 [[32msuccess[39m] 「爱吃小白白」登录成功
2024-11-12 16:31:44 [[32msuccess[39m] 「辰青璇」登录成功
2024-11-12 16:31:44 [[32msuccess[39m] 「不自识疏鄙」登录成功
2024-11-12 16:31:44 [[32msuccess[39m] 「随风三六」登录成功
2024-11-12 16:31:44 [[32msuccess[39m] 「華無闕」登录成功
2024-11-12 16:31:44 [[32msuccess[39m] 「黔首遂难裁」登录成功
2024-11-12 16:31:44 [[32msuccess[39m] 「辰洛」登录成功
2024-11-12 16:31:44 [[32msuccess[39m] 「唯留一湖水」登录成功
2024-11-12 16:31:44 [[32msuccess[39m] 「黑白大帝」登录成功
2024-11-12 16:31:44 [[32msuccess[39m] 「石竹绣罗衣」登录成功
2024-11-12 16:31:44 [[32msuccess[39m] 「风急响疑雷」登录成功
2024-11-12 16:31:44 [[32msuccess[39m] 「觅使嵩云暮」登录成功
2024-11-12 16:31:44 [[32msuccess[39m] 「郭靖」登录成功
2024-11-12 16:31:44 [[32msuccess[39m] 「寒月摇清波」登录成功
2024-11-12 16:32:13 [[34minfo[39m] 红妆,元宝不足或随从背包不足
2024-11-12 16:32:14 [[34minfo[39m] 黑白大帝,元宝不足或随从背包不足
2024-11-12 16:32:28 [[34minfo[39m] 華無闕,元宝不足或随从背包不足
2024-11-12 16:32:33 [[33mwarning[39m] 整理物品时遇到未录入物品：高级叛师符
2024-11-12 16:32:39 [[33mwarning[39m] 整理物品时遇到未录入物品：装备兑换券
2024-11-12 16:32:40 [[33mwarning[39m] 整理物品时遇到未录入物品：苇名十字斩秘籍
2024-11-12 16:33:25 [[34minfo[39m] 梅狸猫,元宝不足或随从背包不足
2024-11-12 16:33:36 [[33mwarning[39m] 整理物品时遇到未录入物品：宗门指环
2024-11-12 16:33:56 [[34minfo[39m] 醉无秋,元宝不足或随从背包不足
2024-11-12 16:34:40 [[33mwarning[39m] 整理物品时遇到未录入物品：大牛至秘籍
2024-11-12 16:34:42 [[33mwarning[39m] 整理物品时遇到未录入物品：蕴象丸
2024-11-12 16:35:01 [[33mwarning[39m] 整理物品时遇到未录入物品：喜宴
2024-11-12 16:35:02 [[33mwarning[39m] 整理物品时遇到未录入物品：喜宴
2024-11-12 16:35:03 [[33mwarning[39m] 整理物品时遇到未录入物品：喜宴
2024-11-12 16:35:04 [[33mwarning[39m] 整理物品时遇到未录入物品：喜宴
2024-11-12 16:35:05 [[33mwarning[39m] 整理物品时遇到未录入物品：喜宴
2024-11-12 16:35:06 [[33mwarning[39m] 整理物品时遇到未录入物品：喜宴
2024-11-12 16:35:07 [[33mwarning[39m] 整理物品时遇到未录入物品：喜宴
2024-11-12 16:35:09 [[33mwarning[39m] 整理物品时遇到未录入物品：喜宴
2024-11-12 16:35:10 [[33mwarning[39m] 整理物品时遇到未录入物品：喜宴
2024-11-12 16:36:01 [[33mwarning[39m] 「辰洛」击杀庞斑已失败超过3次，准备退出副本。
2024-11-12 16:36:05 [[33mwarning[39m] 「随风三六」击杀烛九阴已失败超过3次，准备退出副本。
2024-11-12 16:36:15 [[33mwarning[39m] 「辰青璇」击杀庞斑已失败超过3次，准备退出副本。
2024-11-12 16:36:28 [[34minfo[39m] 辰洛,元宝不足或随从背包不足
2024-11-12 16:36:44 [[33mwarning[39m] 整理物品时遇到未录入物品：聚元珠
2024-11-12 16:36:45 [[33mwarning[39m] 整理物品时遇到未录入物品：喜宴
2024-11-12 16:36:46 [[33mwarning[39m] 整理物品时遇到未录入物品：喜宴
2024-11-12 16:36:48 [[33mwarning[39m] 整理物品时遇到未录入物品：喜宴
2024-11-12 16:39:29 [[33mwarning[39m] 整理物品时遇到未录入物品：契约
2024-11-12 16:39:34 [[33mwarning[39m] 整理物品时遇到未录入物品：烟雨秘籍
2024-11-12 16:39:37 [[33mwarning[39m] 整理物品时遇到未录入物品：四象吊坠
2024-11-12 16:39:38 [[33mwarning[39m] 整理物品时遇到未录入物品：喜宴
2024-11-12 16:39:39 [[33mwarning[39m] 「秋翎」击杀天僧已失败超过3次，准备退出副本。
2024-11-12 16:39:39 [[33mwarning[39m] 整理物品时遇到未录入物品：喜宴
2024-11-12 16:39:40 [[33mwarning[39m] 整理物品时遇到未录入物品：喜宴
2024-11-12 16:39:42 [[33mwarning[39m] 整理物品时遇到未录入物品：喜宴
2024-11-12 16:39:43 [[33mwarning[39m] 整理物品时遇到未录入物品：喜宴
2024-11-12 16:39:44 [[33mwarning[39m] 整理物品时遇到未录入物品：喜宴
2024-11-12 16:39:45 [[33mwarning[39m] 整理物品时遇到未录入物品：喜宴
2024-11-12 16:39:46 [[33mwarning[39m] 整理物品时遇到未录入物品：喜宴
2024-11-12 16:39:47 [[33mwarning[39m] 整理物品时遇到未录入物品：喜宴
2024-11-12 16:39:49 [[33mwarning[39m] 整理物品时遇到未录入物品：砍柴刀
2024-11-12 16:40:07 [[34minfo[39m] 秋翎,元宝不足或随从背包不足
2024-11-12 16:41:14 [[33mwarning[39m] 整理物品时遇到未录入物品：召唤令
2024-11-12 16:41:30 [[33mwarning[39m] 整理物品时遇到未录入物品：高级叛师符
2024-11-12 16:41:37 [[33mwarning[39m] 整理物品时遇到未录入物品：喜宴
2024-11-12 16:42:14 [[33mwarning[39m] 整理物品时遇到未录入物品：喜宴
2024-11-12 16:42:15 [[33mwarning[39m] 整理物品时遇到未录入物品：喜宴
2024-11-12 16:42:25 [[32msuccess[39m] 「苇名屑一郎」退出登录
2024-11-12 16:42:33 [[32msuccess[39m] 「辰青璇」退出登录
2024-11-12 16:44:07 [[33mwarning[39m] 整理物品时遇到未录入物品：白白秘籍
2024-11-12 16:44:13 [[33mwarning[39m] 整理物品时遇到未录入物品：高级叛师符
2024-11-12 16:44:32 [[33mwarning[39m] 整理物品时遇到未录入物品：契约
2024-11-12 16:45:24 [[33mwarning[39m] 整理物品时遇到未录入物品：召唤令
2024-11-12 16:46:25 [[32msuccess[39m] 「爱吃小白白」退出登录
2024-11-12 16:47:07 [[32msuccess[39m] 「达观知命」登录成功
2024-11-12 16:47:07 [[32msuccess[39m] 「黑白大帝」登录成功
2024-11-12 16:47:07 [[32msuccess[39m] 「梅狸猫」登录成功
2024-11-12 16:47:07 [[32msuccess[39m] 「万里无疆」登录成功
2024-11-12 16:47:07 [[32msuccess[39m] 「寸阴是惜」登录成功
2024-11-12 16:47:07 [[32msuccess[39m] 「唯留一湖水」登录成功
2024-11-12 16:47:07 [[32msuccess[39m] 「山吟泽唱」登录成功
2024-11-12 16:47:07 [[32msuccess[39m] 「咩阿栗」登录成功
2024-11-12 16:47:07 [[32msuccess[39m] 「红妆」登录成功
2024-11-12 16:47:07 [[32msuccess[39m] 「爱吃小白白」登录成功
2024-11-12 16:47:07 [[32msuccess[39m] 「苇名屑一郎」登录成功
2024-11-12 16:47:07 [[32msuccess[39m] 「随风三六」登录成功
2024-11-12 16:47:07 [[32msuccess[39m] 「石竹绣罗衣」登录成功
2024-11-12 16:47:07 [[32msuccess[39m] 「醉无秋」登录成功
2024-11-12 16:47:07 [[32msuccess[39m] 「鹊巢鸠居」登录成功
2024-11-12 16:47:07 [[32msuccess[39m] 「虞寄数辞官」登录成功
2024-11-12 16:47:07 [[32msuccess[39m] 「秋翎」登录成功
2024-11-12 16:47:07 [[32msuccess[39m] 「大庭广众」登录成功
2024-11-12 16:47:07 [[32msuccess[39m] 「觅使嵩云暮」登录成功
2024-11-12 16:47:07 [[32msuccess[39m] 「烟水寒」登录成功
2024-11-12 16:47:07 [[32msuccess[39m] 「辰洛」登录成功
2024-11-12 16:47:07 [[32msuccess[39m] 「风急响疑雷」登录成功
2024-11-12 16:47:07 [[32msuccess[39m] 「不自识疏鄙」登录成功
2024-11-12 16:47:07 [[32msuccess[39m] 「郭靖」登录成功
2024-11-12 16:47:07 [[32msuccess[39m] 「寒月摇清波」登录成功
2024-11-12 16:47:07 [[32msuccess[39m] 「流水折江心」登录成功
2024-11-12 16:47:07 [[32msuccess[39m] 「辰青璇」登录成功
2024-11-12 16:47:07 [[32msuccess[39m] 「華無闕」登录成功
2024-11-12 16:47:07 [[32msuccess[39m] 「黔首遂难裁」登录成功
2024-11-12 16:47:07 [[32msuccess[39m] 「玉楼巢翡翠」登录成功
2024-11-12 16:47:35 [[34minfo[39m] 红妆,元宝不足或随从背包不足
2024-11-12 16:47:35 [[34minfo[39m] 黑白大帝,元宝不足或随从背包不足
2024-11-12 16:47:41 [[34minfo[39m] 辰洛,元宝不足或随从背包不足
2024-11-12 16:47:43 [[34minfo[39m] 秋翎,元宝不足或随从背包不足
2024-11-12 16:47:46 [[34minfo[39m] 梅狸猫,元宝不足或随从背包不足
2024-11-12 16:47:46 [[34minfo[39m] 醉无秋,元宝不足或随从背包不足
2024-11-12 16:47:50 [[34minfo[39m] 華無闕,元宝不足或随从背包不足
2024-11-12 16:48:00 [[33mwarning[39m] 整理物品时遇到未录入物品：宗门指环
2024-11-12 16:48:01 [[33mwarning[39m] 整理物品时遇到未录入物品：狼攻是天秘籍
2024-11-12 16:48:04 [[33mwarning[39m] 整理物品时遇到未录入物品：契约
2024-11-12 16:48:12 [[33mwarning[39m] 整理物品时遇到未录入物品：四象吊坠
2024-11-12 16:48:13 [[33mwarning[39m] 整理物品时遇到未录入物品：喜宴
2024-11-12 16:48:14 [[33mwarning[39m] 整理物品时遇到未录入物品：喜宴
2024-11-12 16:48:15 [[33mwarning[39m] 整理物品时遇到未录入物品：喜宴
2024-11-12 16:48:16 [[33mwarning[39m] 整理物品时遇到未录入物品：喜宴
2024-11-12 16:48:18 [[33mwarning[39m] 整理物品时遇到未录入物品：喜宴
2024-11-12 16:48:19 [[33mwarning[39m] 整理物品时遇到未录入物品：喜宴
2024-11-12 16:48:20 [[33mwarning[39m] 整理物品时遇到未录入物品：喜宴
2024-11-12 16:48:21 [[33mwarning[39m] 整理物品时遇到未录入物品：喜宴
2024-11-12 16:48:22 [[33mwarning[39m] 整理物品时遇到未录入物品：喜宴
2024-11-12 16:49:00 [[33mwarning[39m] 整理物品时遇到未录入物品：聚元珠
2024-11-12 16:49:01 [[33mwarning[39m] 整理物品时遇到未录入物品：喜宴
2024-11-12 16:49:02 [[33mwarning[39m] 整理物品时遇到未录入物品：喜宴
2024-11-12 16:49:04 [[33mwarning[39m] 整理物品时遇到未录入物品：喜宴
2024-11-12 16:50:24 [[33mwarning[39m] 整理物品时遇到未录入物品：烟雨秘籍
2024-11-12 16:50:38 [[33mwarning[39m] 整理物品时遇到未录入物品：喜宴
2024-11-12 16:50:39 [[33mwarning[39m] 整理物品时遇到未录入物品：喜宴
2024-11-12 16:50:39 [[33mwarning[39m] 整理物品时遇到未录入物品：砍柴刀
2024-11-12 16:50:40 [[33mwarning[39m] 整理物品时遇到未录入物品：喜宴
2024-11-12 16:50:41 [[33mwarning[39m] 整理物品时遇到未录入物品：喜宴
2024-11-12 16:50:42 [[33mwarning[39m] 整理物品时遇到未录入物品：喜宴
2024-11-12 16:50:43 [[33mwarning[39m] 整理物品时遇到未录入物品：喜宴
2024-11-12 16:50:44 [[33mwarning[39m] 整理物品时遇到未录入物品：喜宴
2024-11-12 16:50:44 [[33mwarning[39m] 整理物品时遇到未录入物品：喜宴
2024-11-12 16:50:45 [[33mwarning[39m] 整理物品时遇到未录入物品：喜宴
2024-11-12 16:50:46 [[33mwarning[39m] 整理物品时遇到未录入物品：喜宴
2024-11-12 16:50:47 [[33mwarning[39m] 整理物品时遇到未录入物品：喜宴
2024-11-12 16:51:34 [[33mwarning[39m] 整理物品时遇到未录入物品：高级叛师符
2024-11-12 16:51:40 [[33mwarning[39m] 整理物品时遇到未录入物品：装备兑换券
2024-11-12 16:51:41 [[33mwarning[39m] 整理物品时遇到未录入物品：苇名十字斩秘籍
2024-11-12 16:52:10 [[33mwarning[39m] 整理物品时遇到未录入物品：召唤令
2024-11-12 16:52:26 [[33mwarning[39m] 整理物品时遇到未录入物品：白白秘籍
2024-11-12 16:52:30 [[33mwarning[39m] 整理物品时遇到未录入物品：高级叛师符
2024-11-12 16:52:33 [[33mwarning[39m] 整理物品时遇到未录入物品：高级叛师符
2024-11-12 16:52:34 [[33mwarning[39m] 整理物品时遇到未录入物品：宗门指环
2024-11-12 16:52:36 [[33mwarning[39m] 整理物品时遇到未录入物品：喜宴
2024-11-12 16:52:50 [[33mwarning[39m] 整理物品时遇到未录入物品：契约
2024-11-12 16:53:16 [[32msuccess[39m] 「苇名屑一郎」退出登录
2024-11-12 16:53:27 [[33mwarning[39m] 整理物品时遇到未录入物品：召唤令
2024-11-12 16:53:32 [[32msuccess[39m] 「辰青璇」退出登录
2024-11-12 16:54:33 [[32msuccess[39m] 「爱吃小白白」退出登录
