2024-07-03 00:15:38 [[32msuccess[39m] 「超大份可乐」登录成功
2024-07-03 00:15:38 [[32msuccess[39m] 「麟枫」登录成功
2024-07-03 00:15:38 [[32msuccess[39m] 「洛九轩」登录成功
2024-07-03 00:15:38 [[32msuccess[39m] 「秋翎」登录成功
2024-07-03 00:15:38 [[32msuccess[39m] 「念秋辞」登录成功
2024-07-03 00:15:38 [[32msuccess[39m] 「檀香辞」登录成功
2024-07-03 00:15:38 [[32msuccess[39m] 「吕守瀛」登录成功
2024-07-03 00:15:38 [[32msuccess[39m] 「思秋蝉」登录成功
2024-07-03 00:15:38 [[32msuccess[39m] 「醉无秋」登录成功
2024-07-03 00:15:38 [[33mwarning[39m] 「超大份可乐」未使用精力已超过80%，请及时处理。
2024-07-03 00:15:38 [[33mwarning[39m] 「洛九轩」未使用精力已超过80%，请及时处理。
2024-07-03 00:15:38 [[33mwarning[39m] 「麟枫」未使用精力已超过80%，请及时处理。
2024-07-03 00:15:38 [[33mwarning[39m] 「念秋辞」未使用精力已超过80%，请及时处理。
2024-07-03 00:15:38 [[33mwarning[39m] 「檀香辞」未使用精力已超过80%，请及时处理。
2024-07-03 00:15:38 [[33mwarning[39m] 「吕守瀛」未使用精力已超过80%，请及时处理。
2024-07-03 00:15:38 [[33mwarning[39m] 「思秋蝉」未使用精力已超过80%，请及时处理。
2024-07-03 00:15:40 [[34minfo[39m] 「思秋蝉」师门任务完成
2024-07-03 00:15:40 [[34minfo[39m] 「檀香辞」师门任务完成
2024-07-03 00:15:41 [[34minfo[39m] 「吕守瀛」师门任务完成
2024-07-03 00:15:41 [[34minfo[39m] 「念秋辞」师门任务完成
2024-07-03 00:15:43 [[34minfo[39m] 「檀香辞」副本任务完成
2024-07-03 00:15:43 [[34minfo[39m] 「吕守瀛」副本任务完成
2024-07-03 00:15:43 [[34minfo[39m] 「念秋辞」副本任务完成
2024-07-03 00:15:45 [[34minfo[39m] 「思秋蝉」副本任务完成
2024-07-03 00:15:50 [[34minfo[39m] 「吕守瀛」武道塔任务完成
2024-07-03 00:15:50 [[34minfo[39m] 「念秋辞」武道塔任务完成
2024-07-03 00:15:51 [[34minfo[39m] 「醉无秋」师门任务完成
2024-07-03 00:15:51 [[34minfo[39m] 「洛九轩」师门任务完成
2024-07-03 00:15:51 [[34minfo[39m] 「秋翎」师门任务完成
2024-07-03 00:15:53 [[34minfo[39m] 「吕守瀛」追捕任务已完成
2024-07-03 00:15:53 [[34minfo[39m] 「醉无秋」副本任务完成
2024-07-03 00:15:54 [[34minfo[39m] 「洛九轩」副本任务完成
2024-07-03 00:15:54 [[34minfo[39m] 「秋翎」副本任务完成
2024-07-03 00:15:55 [[33mwarning[39m] 「麟枫」背包已满
2024-07-03 00:15:55 [[33mwarning[39m] 「超大份可乐」背包已满
2024-07-03 00:15:57 [[32msuccess[39m] 「吕守瀛」退出登录
2024-07-03 00:16:00 [[32msuccess[39m] 「麟枫」退出登录
2024-07-03 00:16:00 [[32msuccess[39m] 「超大份可乐」退出登录
2024-07-03 00:16:01 [[34minfo[39m] 「醉无秋」武道塔任务完成
2024-07-03 00:16:01 [[34minfo[39m] 「洛九轩」武道塔任务完成
2024-07-03 00:16:01 [[34minfo[39m] 「秋翎」武道塔任务完成
2024-07-03 00:16:03 [[34minfo[39m] 「醉无秋」追捕任务已完成
2024-07-03 00:16:03 [[34minfo[39m] 「洛九轩」追捕任务已完成
2024-07-03 00:16:04 [[34minfo[39m] 「秋翎」追捕任务已完成
2024-07-03 00:16:07 [[32msuccess[39m] 「醉无秋」退出登录
2024-07-03 00:16:08 [[32msuccess[39m] 「洛九轩」退出登录
2024-07-03 00:16:23 [[32msuccess[39m] 「秋翎」退出登录
